<?xml version="1.0" encoding="UTF-8"?>
<!-- Generated by org.testng.reporters.JUnitXMLReporter -->
<testsuite hostname="DESKTOP-KQBH998" failures="2" tests="4" name="Test" time="33.37" errors="0" timestamp="10 Apr 2024 10:07:10 GMT">
  <testcase classname="main.LoginTest" name="test" time="8.354"/>
  <testcase classname="main.LoginTest" name="test" time="7.173"/>
  <testcase classname="main.LoginTest" name="test" time="8.378">
    <failure type="java.lang.AssertionError" message="expected [GTPL Bank Home Pa ge] but found [GTPL Bank Home Page]">
      <![CDATA[java.lang.AssertionError: expected [GTPL Bank Home Pa ge] but found [GTPL Bank Home Page]
	at main.LoginTest.test(LoginTest.java:27)
... Removed 29 stack frames]]>
    </failure>
  </testcase> <!-- test -->
  <testcase classname="main.LoginTest" name="test" time="7.845">
    <failure type="java.lang.AssertionError" message="expected [GTPL Bank Manager Home Page] but found [GTPL Bank Manager HomePage]">
      <![CDATA[java.lang.AssertionError: expected [GTPL Bank Manager Home Page] but found [GTPL Bank Manager HomePage]
	at main.LoginTest.test(LoginTest.java:31)
... Removed 29 stack frames]]>
    </failure>
  </testcase> <!-- test -->
</testsuite> <!-- Test -->
