<?xml version="1.0" encoding="UTF-8"?>
<!-- Generated by org.testng.reporters.JUnitXMLReporter -->
<testsuite hostname="LAPTOP-TL5028BI" failures="0" tests="4" name="Default test" time="45.638" errors="0" timestamp="8 Apr 2024 10:44:09 GMT">
  <testcase classname="Guru99.Day6task" name="login" time="10.404"/>
  <testcase classname="Guru99.Day6task" name="login" time="10.245"/>
  <testcase classname="Guru99.Day6task" name="login" time="10.052"/>
  <testcase classname="Guru99.Day6task" name="login" time="4.403"/>
</testsuite> <!-- Default test -->
