<?xml version="1.0" encoding="UTF-8"?>
<!-- Generated by org.testng.reporters.JUnitXMLReporter -->
<testsuite hostname="DESKTOP-KQBH998" failures="0" tests="6" name="Test1" time="0.113" errors="0" timestamp="1 Mar 2024 09:40:37 GMT">
  <testcase classname="basic.Account" name="savingAccount" time="0.009"/>
  <testcase classname="basic.Payment" name="cod" time="0.008"/>
  <testcase classname="basic.Payment" name="creditcard" time="0.003"/>
  <testcase classname="basic.Payment" name="debitCard" time="0.005"/>
  <testcase classname="basic.MyTest" name="test" time="0.005"/>
  <testcase classname="basic.MyTest" name="beta" time="0.003"/>
</testsuite> <!-- Test1 -->
