<?xml version="1.0" encoding="UTF-8"?>
<!-- Generated by org.testng.reporters.JUnitXMLReporter -->
<testsuite hostname="DESKTOP-KQBH998" failures="0" tests="4" name="Test2" time="0.042" errors="0" timestamp="1 Mar 2024 09:40:37 GMT">
  <testcase classname="basic.Account" name="currentAccount" time="0.007"/>
  <testcase classname="basic.Account" name="savingAccount" time="0.004"/>
  <testcase classname="basic.MyTest" name="test" time="0.002"/>
  <testcase classname="basic.MyTest" name="beta" time="0.003"/>
</testsuite> <!-- Test2 -->
