<?xml version="1.0" encoding="UTF-8"?>
<testng-results total="4" passed="4" failed="0" skipped="0">
  <reporter-output>
  </reporter-output>
  <suite started-at="2024-04-08T10:43:23Z" name="Default suite" finished-at="2024-04-08T10:44:09Z" duration-ms="45638">
    <groups>
    </groups>
    <test started-at="2024-04-08T10:43:23Z" name="Default test" finished-at="2024-04-08T10:44:09Z" duration-ms="45638">
      <class name="Guru99.Day6task">
        <test-method is-config="true" signature="setup()[pri:0, instance:Guru99.Day6task@61c4eee0]" started-at="2024-04-08T16:13:23Z" name="setup" finished-at="2024-04-08T16:13:28Z" duration-ms="4287" status="PASS">
          <reporter-output>
          </reporter-output>
        </test-method> <!-- setup -->
        <test-method signature="login(java.lang.String, java.lang.String)[pri:0, instance:Guru99.Day6task@61c4eee0]" started-at="2024-04-08T16:13:29Z" name="login" data-provider="dp" finished-at="2024-04-08T16:13:39Z" duration-ms="10404" status="PASS">
          <params>
            <param index="0">
              <value>
                <![CDATA[PRIYNKA123]]>
              </value>
            </param>
            <param index="1">
              <value>
                <![CDATA[zaratad]]>
              </value>
            </param>
          </params>
          <reporter-output>
          </reporter-output>
        </test-method> <!-- login -->
        <test-method signature="login(java.lang.String, java.lang.String)[pri:0, instance:Guru99.Day6task@61c4eee0]" started-at="2024-04-08T16:13:39Z" name="login" data-provider="dp" finished-at="2024-04-08T16:13:49Z" duration-ms="10245" status="PASS">
          <params>
            <param index="0">
              <value>
                <![CDATA[mngr563779]]>
              </value>
            </param>
            <param index="1">
              <value>
                <![CDATA[mngr563779]]>
              </value>
            </param>
          </params>
          <reporter-output>
          </reporter-output>
        </test-method> <!-- login -->
        <test-method signature="login(java.lang.String, java.lang.String)[pri:0, instance:Guru99.Day6task@61c4eee0]" started-at="2024-04-08T16:13:49Z" name="login" data-provider="dp" finished-at="2024-04-08T16:13:59Z" duration-ms="10052" status="PASS">
          <params>
            <param index="0">
              <value>
                <![CDATA[PRIYNKA123]]>
              </value>
            </param>
            <param index="1">
              <value>
                <![CDATA[mngr563779]]>
              </value>
            </param>
          </params>
          <reporter-output>
          </reporter-output>
        </test-method> <!-- login -->
        <test-method signature="login(java.lang.String, java.lang.String)[pri:0, instance:Guru99.Day6task@61c4eee0]" started-at="2024-04-08T16:13:59Z" name="login" data-provider="dp" finished-at="2024-04-08T16:14:04Z" duration-ms="4403" status="PASS">
          <params>
            <param index="0">
              <value>
                <![CDATA[mngr563779]]>
              </value>
            </param>
            <param index="1">
              <value>
                <![CDATA[zaratad]]>
              </value>
            </param>
          </params>
          <reporter-output>
          </reporter-output>
        </test-method> <!-- login -->
        <test-method is-config="true" signature="finish()[pri:0, instance:Guru99.Day6task@61c4eee0]" started-at="2024-04-08T16:14:04Z" name="finish" finished-at="2024-04-08T16:14:09Z" duration-ms="5189" status="PASS">
          <reporter-output>
          </reporter-output>
        </test-method> <!-- finish -->
      </class> <!-- Guru99.Day6task -->
    </test> <!-- Default test -->
  </suite> <!-- Default suite -->
</testng-results>
