<?xml version="1.0" encoding="UTF-8"?>
<testng-results total="5" passed="5" failed="0" skipped="0">
  <reporter-output>
  </reporter-output>
  <suite started-at="2024-03-18T09:52:41Z" name="Default suite" finished-at="2024-03-18T09:52:47Z" duration-ms="5254">
    <groups>
    </groups>
    <test started-at="2024-03-18T09:52:41Z" name="Default test" finished-at="2024-03-18T09:52:47Z" duration-ms="5254">
      <class name="Hybrid">
        <test-method signature="test(java.lang.String, java.lang.String, java.lang.String, java.lang.String, java.lang.String)[pri:0, instance:Hybrid@7d9d0818]" started-at="2024-03-18T15:22:43Z" name="test" data-provider="dp" finished-at="2024-03-18T15:22:45Z" duration-ms="1370" status="PASS">
          <params>
            <param index="0">
              <value>
                <![CDATA[open browser]]>
              </value>
            </param>
            <param index="1">
              <value>
                <![CDATA[browser]]>
              </value>
            </param>
            <param index="2">
              <value>
                <![CDATA[NA]]>
              </value>
            </param>
            <param index="3">
              <value>
                <![CDATA[NA]]>
              </value>
            </param>
            <param index="4">
              <value>
                <![CDATA[chrome]]>
              </value>
            </param>
          </params>
          <reporter-output>
          </reporter-output>
        </test-method> <!-- test -->
        <test-method signature="test(java.lang.String, java.lang.String, java.lang.String, java.lang.String, java.lang.String)[pri:0, instance:Hybrid@7d9d0818]" started-at="2024-03-18T15:22:45Z" name="test" data-provider="dp" finished-at="2024-03-18T15:22:46Z" duration-ms="1608" status="PASS">
          <params>
            <param index="0">
              <value>
                <![CDATA[open url]]>
              </value>
            </param>
            <param index="1">
              <value>
                <![CDATA[url]]>
              </value>
            </param>
            <param index="2">
              <value>
                <![CDATA[NA]]>
              </value>
            </param>
            <param index="3">
              <value>
                <![CDATA[NA]]>
              </value>
            </param>
            <param index="4">
              <value>
                <![CDATA[https://www.fb.com]]>
              </value>
            </param>
          </params>
          <reporter-output>
          </reporter-output>
        </test-method> <!-- test -->
        <test-method signature="test(java.lang.String, java.lang.String, java.lang.String, java.lang.String, java.lang.String)[pri:0, instance:Hybrid@7d9d0818]" started-at="2024-03-18T15:22:46Z" name="test" data-provider="dp" finished-at="2024-03-18T15:22:46Z" duration-ms="90" status="PASS">
          <params>
            <param index="0">
              <value>
                <![CDATA[enter uname]]>
              </value>
            </param>
            <param index="1">
              <value>
                <![CDATA[type]]>
              </value>
            </param>
            <param index="2">
              <value>
                <![CDATA[id]]>
              </value>
            </param>
            <param index="3">
              <value>
                <![CDATA[email]]>
              </value>
            </param>
            <param index="4">
              <value>
                <![CDATA[test@gmail.com]]>
              </value>
            </param>
          </params>
          <reporter-output>
          </reporter-output>
        </test-method> <!-- test -->
        <test-method signature="test(java.lang.String, java.lang.String, java.lang.String, java.lang.String, java.lang.String)[pri:0, instance:Hybrid@7d9d0818]" started-at="2024-03-18T15:22:46Z" name="test" data-provider="dp" finished-at="2024-03-18T15:22:46Z" duration-ms="96" status="PASS">
          <params>
            <param index="0">
              <value>
                <![CDATA[enter pass]]>
              </value>
            </param>
            <param index="1">
              <value>
                <![CDATA[type]]>
              </value>
            </param>
            <param index="2">
              <value>
                <![CDATA[id]]>
              </value>
            </param>
            <param index="3">
              <value>
                <![CDATA[pass]]>
              </value>
            </param>
            <param index="4">
              <value>
                <![CDATA[test123]]>
              </value>
            </param>
          </params>
          <reporter-output>
          </reporter-output>
        </test-method> <!-- test -->
        <test-method signature="test(java.lang.String, java.lang.String, java.lang.String, java.lang.String, java.lang.String)[pri:0, instance:Hybrid@7d9d0818]" started-at="2024-03-18T15:22:46Z" name="test" data-provider="dp" finished-at="2024-03-18T15:22:46Z" duration-ms="60" status="PASS">
          <params>
            <param index="0">
              <value>
                <![CDATA[click]]>
              </value>
            </param>
            <param index="1">
              <value>
                <![CDATA[click]]>
              </value>
            </param>
            <param index="2">
              <value>
                <![CDATA[name]]>
              </value>
            </param>
            <param index="3">
              <value>
                <![CDATA[login]]>
              </value>
            </param>
            <param index="4">
              <value>
                <![CDATA[NA]]>
              </value>
            </param>
          </params>
          <reporter-output>
          </reporter-output>
        </test-method> <!-- test -->
      </class> <!-- Hybrid -->
    </test> <!-- Default test -->
  </suite> <!-- Default suite -->
</testng-results>
