<?xml version="1.0" encoding="UTF-8"?>
<testng-results total="1" passed="1" failed="0" skipped="0">
  <reporter-output>
  </reporter-output>
  <suite started-at="2024-03-15T09:18:15Z" name="Default suite" finished-at="2024-03-15T09:18:15Z" duration-ms="34">
    <groups>
    </groups>
    <test started-at="2024-03-15T09:18:15Z" name="Default test" finished-at="2024-03-15T09:18:15Z" duration-ms="34">
      <class name="basic.MyTest">
        <test-method is-config="true" signature="beforesuitr()[pri:0, instance:basic.MyTest@7c137fd5]" started-at="2024-03-15T14:48:15Z" name="beforesuitr" finished-at="2024-03-15T14:48:15Z" duration-ms="15" status="PASS">
          <reporter-output>
          </reporter-output>
        </test-method> <!-- beforesuitr -->
        <test-method is-config="true" signature="beforeTest()[pri:0, instance:basic.MyTest@7c137fd5]" started-at="2024-03-15T14:48:15Z" name="beforeTest" finished-at="2024-03-15T14:48:15Z" duration-ms="3" status="PASS">
          <reporter-output>
          </reporter-output>
        </test-method> <!-- beforeTest -->
        <test-method is-config="true" signature="beforeClass()[pri:0, instance:basic.MyTest@7c137fd5]" started-at="2024-03-15T14:48:15Z" name="beforeClass" finished-at="2024-03-15T14:48:15Z" duration-ms="0" status="PASS">
          <reporter-output>
          </reporter-output>
        </test-method> <!-- beforeClass -->
        <test-method is-config="true" signature="beforemethod()[pri:0, instance:basic.MyTest@7c137fd5]" started-at="2024-03-15T14:48:15Z" name="beforemethod" finished-at="2024-03-15T14:48:15Z" duration-ms="1" status="PASS">
          <reporter-output>
          </reporter-output>
        </test-method> <!-- beforemethod -->
        <test-method signature="beta()[pri:3, instance:basic.MyTest@7c137fd5]" started-at="2024-03-15T14:48:15Z" name="beta" finished-at="2024-03-15T14:48:15Z" duration-ms="6" status="PASS">
          <reporter-output>
          </reporter-output>
        </test-method> <!-- beta -->
        <test-method is-config="true" signature="afterMethod()[pri:0, instance:basic.MyTest@7c137fd5]" started-at="2024-03-15T14:48:15Z" name="afterMethod" finished-at="2024-03-15T14:48:15Z" duration-ms="0" status="PASS">
          <reporter-output>
          </reporter-output>
        </test-method> <!-- afterMethod -->
        <test-method is-config="true" signature="afterclass()[pri:0, instance:basic.MyTest@7c137fd5]" started-at="2024-03-15T14:48:15Z" name="afterclass" finished-at="2024-03-15T14:48:15Z" duration-ms="1" status="PASS">
          <reporter-output>
          </reporter-output>
        </test-method> <!-- afterclass -->
        <test-method is-config="true" signature="afterTest()[pri:0, instance:basic.MyTest@7c137fd5]" started-at="2024-03-15T14:48:15Z" name="afterTest" finished-at="2024-03-15T14:48:15Z" duration-ms="1" status="PASS">
          <reporter-output>
          </reporter-output>
        </test-method> <!-- afterTest -->
        <test-method is-config="true" signature="aftrSuite()[pri:0, instance:basic.MyTest@7c137fd5]" started-at="2024-03-15T14:48:15Z" name="aftrSuite" finished-at="2024-03-15T14:48:15Z" duration-ms="0" status="PASS">
          <reporter-output>
          </reporter-output>
        </test-method> <!-- aftrSuite -->
      </class> <!-- basic.MyTest -->
    </test> <!-- Default test -->
  </suite> <!-- Default suite -->
</testng-results>
