<?xml version="1.0" encoding="UTF-8"?>
<!-- Generated by org.testng.reporters.JUnitXMLReporter -->
<testsuite hostname="DESKTOP-KQBH998" failures="0" tests="5" name="Default test" time="5.254" errors="0" timestamp="18 Mar 2024 09:52:47 GMT">
  <testcase classname="Hybrid" name="test" time="1.37"/>
  <testcase classname="Hybrid" name="test" time="1.608"/>
  <testcase classname="Hybrid" name="test" time="0.09"/>
  <testcase classname="Hybrid" name="test" time="0.096"/>
  <testcase classname="Hybrid" name="test" time="0.06"/>
</testsuite> <!-- Default test -->
